[2025-07-15 07:59:56] [INFO] Generated UUID for new upload session - {"uuid":"68760a7c535c00.19700362"}
[2025-07-15 07:59:56] [ERROR] Upload error: Invalid UUID format - {"uuid":"68760a7c535c00.19700362"}
[2025-07-15 07:59:56] [ERROR] Upload error: Invalid UUID format - {"uuid":"68760a7c535c00.19700362"}
[2025-07-15 07:59:57] [ERROR] Upload error: Invalid UUID format - {"uuid":"68760a7c535c00.19700362"}
[2025-07-15 07:59:57] [ERROR] Upload error: Invalid UUID format - {"uuid":"68760a7c535c00.19700362"}
[2025-07-15 07:59:57] [ERROR] Upload error: Invalid UUID format - {"uuid":"68760a7c535c00.19700362"}
[2025-07-15 07:59:57] [ERROR] Upload error: Invalid UUID format - {"uuid":"68760a7c535c00.19700362"}
[2025-07-15 07:59:57] [ERROR] Upload error: Invalid UUID format - {"uuid":"68760a7c535c00.19700362"}
[2025-07-15 07:59:57] [ERROR] Upload error: Invalid UUID format - {"uuid":"68760a7c535c00.19700362"}
[2025-07-15 07:59:58] [ERROR] Upload error: Invalid UUID format - {"uuid":"68760a7c535c00.19700362"}
[2025-07-15 07:59:58] [ERROR] Upload error: Invalid UUID format - {"uuid":"68760a7c535c00.19700362"}
[2025-07-15 07:59:58] [ERROR] Upload error: Invalid UUID format - {"uuid":"68760a7c535c00.19700362"}
[2025-07-15 07:59:58] [ERROR] Upload error: Invalid UUID format - {"uuid":"68760a7c535c00.19700362"}
[2025-07-15 07:59:58] [ERROR] Upload error: Invalid UUID format - {"uuid":"68760a7c535c00.19700362"}
[2025-07-15 07:59:58] [ERROR] Upload error: Invalid UUID format - {"uuid":"68760a7c535c00.19700362"}
[2025-07-15 07:59:59] [ERROR] Upload error: Invalid UUID format - {"uuid":"68760a7c535c00.19700362"}
[2025-07-15 07:59:59] [ERROR] Upload error: Invalid UUID format - {"uuid":"68760a7c535c00.19700362"}
[2025-07-15 07:59:59] [ERROR] Upload error: Invalid UUID format - {"uuid":"68760a7c535c00.19700362"}
[2025-07-15 07:59:59] [ERROR] Upload error: Invalid UUID format - {"uuid":"68760a7c535c00.19700362"}
[2025-07-15 07:59:59] [ERROR] Upload error: Invalid UUID format - {"uuid":"68760a7c535c00.19700362"}
[2025-07-15 07:59:59] [ERROR] Upload error: Invalid UUID format - {"uuid":"68760a7c535c00.19700362"}
[2025-07-15 07:59:59] [ERROR] Upload error: Invalid UUID format - {"uuid":"68760a7c535c00.19700362"}
[2025-07-15 07:59:59] [ERROR] Upload error: Invalid UUID format - {"uuid":"68760a7c535c00.19700362"}
[2025-07-15 07:59:59] [ERROR] Upload error: Invalid UUID format - {"uuid":"68760a7c535c00.19700362"}
[2025-07-15 07:59:59] [ERROR] Upload error: Invalid UUID format - {"uuid":"68760a7c535c00.19700362"}
[2025-07-15 08:00:00] [ERROR] Upload error: Invalid UUID format - {"uuid":"68760a7c535c00.19700362"}
[2025-07-15 08:00:00] [ERROR] Upload error: Invalid UUID format - {"uuid":"68760a7c535c00.19700362"}
[2025-07-15 08:00:00] [ERROR] Upload error: Invalid UUID format - {"uuid":"68760a7c535c00.19700362"}
[2025-07-15 08:00:00] [ERROR] Upload error: Invalid UUID format - {"uuid":"68760a7c535c00.19700362"}
[2025-07-15 08:00:00] [ERROR] Upload error: Invalid UUID format - {"uuid":"68760a7c535c00.19700362"}
[2025-07-15 08:00:00] [ERROR] Upload error: Invalid UUID format - {"uuid":"68760a7c535c00.19700362"}
[2025-07-15 08:00:00] [ERROR] Upload error: Invalid UUID format - {"uuid":"68760a7c535c00.19700362"}
[2025-07-15 08:00:00] [ERROR] Upload error: Invalid UUID format - {"uuid":"68760a7c535c00.19700362"}
[2025-07-15 08:00:00] [ERROR] Upload error: Invalid UUID format - {"uuid":"68760a7c535c00.19700362"}
[2025-07-15 08:00:01] [ERROR] Upload error: Invalid UUID format - {"uuid":"68760a7c535c00.19700362"}
[2025-07-15 08:00:01] [ERROR] Upload error: Invalid UUID format - {"uuid":"68760a7c535c00.19700362"}
[2025-07-15 08:00:01] [ERROR] Upload error: Invalid UUID format - {"uuid":"68760a7c535c00.19700362"}
[2025-07-15 08:00:01] [ERROR] Upload error: Invalid UUID format - {"uuid":"68760a7c535c00.19700362"}
[2025-07-15 08:00:01] [ERROR] Upload error: Invalid UUID format - {"uuid":"68760a7c535c00.19700362"}
[2025-07-15 08:00:01] [ERROR] Upload error: Invalid UUID format - {"uuid":"68760a7c535c00.19700362"}
[2025-07-15 08:00:01] [ERROR] Upload error: Invalid UUID format - {"uuid":"68760a7c535c00.19700362"}
[2025-07-15 08:00:01] [ERROR] Upload error: Invalid UUID format - {"uuid":"68760a7c535c00.19700362"}
[2025-07-15 08:00:01] [ERROR] Upload error: Invalid UUID format - {"uuid":"68760a7c535c00.19700362"}
[2025-07-15 08:00:02] [ERROR] Upload error: Invalid UUID format - {"uuid":"68760a7c535c00.19700362"}
[2025-07-15 08:00:02] [ERROR] Upload error: Invalid UUID format - {"uuid":"68760a7c535c00.19700362"}
[2025-07-15 08:00:02] [ERROR] Upload error: Invalid UUID format - {"uuid":"68760a7c535c00.19700362"}
[2025-07-15 08:00:02] [ERROR] Upload error: Invalid UUID format - {"uuid":"68760a7c535c00.19700362"}
[2025-07-15 08:00:02] [ERROR] Upload error: Invalid UUID format - {"uuid":"68760a7c535c00.19700362"}
[2025-07-15 08:00:02] [ERROR] Upload error: Invalid UUID format - {"uuid":"68760a7c535c00.19700362"}
[2025-07-15 08:00:02] [ERROR] Upload error: Invalid UUID format - {"uuid":"68760a7c535c00.19700362"}
[2025-07-15 08:00:02] [ERROR] Upload error: Invalid UUID format - {"uuid":"68760a7c535c00.19700362"}
[2025-07-15 08:00:02] [ERROR] Upload error: Invalid UUID format - {"uuid":"68760a7c535c00.19700362"}
[2025-07-15 08:00:03] [ERROR] Upload error: Invalid UUID format - {"uuid":"68760a7c535c00.19700362"}
[2025-07-15 08:00:03] [ERROR] Upload error: Invalid UUID format - {"uuid":"68760a7c535c00.19700362"}
[2025-07-15 08:00:03] [ERROR] Upload error: Invalid UUID format - {"uuid":"68760a7c535c00.19700362"}
[2025-07-15 08:00:03] [ERROR] Upload error: Invalid UUID format - {"uuid":"68760a7c535c00.19700362"}
[2025-07-15 08:00:03] [ERROR] Upload error: Invalid UUID format - {"uuid":"68760a7c535c00.19700362"}
[2025-07-15 08:00:03] [ERROR] Upload error: Invalid UUID format - {"uuid":"68760a7c535c00.19700362"}
[2025-07-15 08:00:03] [ERROR] Upload error: Invalid UUID format - {"uuid":"68760a7c535c00.19700362"}
[2025-07-15 08:00:03] [ERROR] Upload error: Invalid UUID format - {"uuid":"68760a7c535c00.19700362"}
[2025-07-15 08:00:03] [ERROR] Upload error: Invalid UUID format - {"uuid":"68760a7c535c00.19700362"}
[2025-07-15 08:00:04] [ERROR] Upload error: Invalid UUID format - {"uuid":"68760a7c535c00.19700362"}
[2025-07-15 08:00:04] [ERROR] Upload error: Invalid UUID format - {"uuid":"68760a7c535c00.19700362"}
[2025-07-15 08:00:04] [ERROR] Upload error: Invalid UUID format - {"uuid":"68760a7c535c00.19700362"}
[2025-07-15 08:00:04] [ERROR] Upload error: Invalid UUID format - {"uuid":"68760a7c535c00.19700362"}
[2025-07-15 08:00:04] [ERROR] Upload error: Invalid UUID format - {"uuid":"68760a7c535c00.19700362"}
[2025-07-15 08:00:04] [ERROR] Upload error: Invalid UUID format - {"uuid":"68760a7c535c00.19700362"}
[2025-07-15 08:00:04] [ERROR] Upload error: Invalid UUID format - {"uuid":"68760a7c535c00.19700362"}
[2025-07-15 08:00:04] [ERROR] Upload error: Invalid UUID format - {"uuid":"68760a7c535c00.19700362"}
[2025-07-15 08:00:04] [ERROR] Upload error: Invalid UUID format - {"uuid":"68760a7c535c00.19700362"}
[2025-07-15 08:00:05] [ERROR] Upload error: Invalid UUID format - {"uuid":"68760a7c535c00.19700362"}
[2025-07-15 08:00:05] [ERROR] Upload error: Invalid UUID format - {"uuid":"68760a7c535c00.19700362"}
[2025-07-15 08:00:05] [ERROR] Upload error: Invalid UUID format - {"uuid":"68760a7c535c00.19700362"}
[2025-07-15 08:00:05] [ERROR] Upload error: Invalid UUID format - {"uuid":"68760a7c535c00.19700362"}
[2025-07-15 08:00:05] [ERROR] Upload error: Invalid UUID format - {"uuid":"68760a7c535c00.19700362"}
[2025-07-15 08:00:05] [ERROR] Upload error: Invalid UUID format - {"uuid":"68760a7c535c00.19700362"}
[2025-07-15 08:00:05] [ERROR] Upload error: Invalid UUID format - {"uuid":"68760a7c535c00.19700362"}
[2025-07-15 08:00:05] [ERROR] Upload error: Invalid UUID format - {"uuid":"68760a7c535c00.19700362"}
[2025-07-15 08:00:05] [ERROR] Upload error: Invalid UUID format - {"uuid":"68760a7c535c00.19700362"}
[2025-07-15 08:00:06] [ERROR] Upload error: Invalid UUID format - {"uuid":"68760a7c535c00.19700362"}
[2025-07-15 08:00:06] [ERROR] Upload error: Invalid UUID format - {"uuid":"68760a7c535c00.19700362"}
[2025-07-15 08:00:06] [ERROR] Upload error: Invalid UUID format - {"uuid":"68760a7c535c00.19700362"}
[2025-07-15 08:00:06] [ERROR] Upload error: Invalid UUID format - {"uuid":"68760a7c535c00.19700362"}
[2025-07-15 08:00:06] [ERROR] Upload error: Invalid UUID format - {"uuid":"68760a7c535c00.19700362"}
[2025-07-15 08:00:06] [ERROR] Upload error: Invalid UUID format - {"uuid":"68760a7c535c00.19700362"}
[2025-07-15 08:00:06] [ERROR] Upload error: Invalid UUID format - {"uuid":"68760a7c535c00.19700362"}
[2025-07-15 08:00:06] [ERROR] Upload error: Invalid UUID format - {"uuid":"68760a7c535c00.19700362"}
[2025-07-15 08:00:06] [ERROR] Upload error: Invalid UUID format - {"uuid":"68760a7c535c00.19700362"}
[2025-07-15 08:00:07] [ERROR] Upload error: Invalid UUID format - {"uuid":"68760a7c535c00.19700362"}
[2025-07-15 08:00:07] [ERROR] Upload error: Invalid UUID format - {"uuid":"68760a7c535c00.19700362"}
[2025-07-15 08:00:07] [ERROR] Upload error: Invalid UUID format - {"uuid":"68760a7c535c00.19700362"}
[2025-07-15 08:00:07] [ERROR] Upload error: Invalid UUID format - {"uuid":"68760a7c535c00.19700362"}
[2025-07-15 08:00:07] [ERROR] Upload error: Invalid UUID format - {"uuid":"68760a7c535c00.19700362"}
[2025-07-15 08:00:07] [ERROR] Upload error: Invalid UUID format - {"uuid":"68760a7c535c00.19700362"}
[2025-07-15 08:00:07] [ERROR] Upload error: Invalid UUID format - {"uuid":"68760a7c535c00.19700362"}
[2025-07-15 08:00:07] [ERROR] Upload error: Invalid UUID format - {"uuid":"68760a7c535c00.19700362"}
[2025-07-15 08:00:07] [ERROR] Upload error: Invalid UUID format - {"uuid":"68760a7c535c00.19700362"}
[2025-07-15 08:00:08] [ERROR] Upload error: Invalid UUID format - {"uuid":"68760a7c535c00.19700362"}
[2025-07-15 08:00:08] [ERROR] Upload error: Invalid UUID format - {"uuid":"68760a7c535c00.19700362"}
[2025-07-15 08:00:08] [ERROR] Upload error: Invalid UUID format - {"uuid":"68760a7c535c00.19700362"}
[2025-07-15 08:00:08] [ERROR] Upload error: Invalid UUID format - {"uuid":"68760a7c535c00.19700362"}
[2025-07-15 08:00:08] [ERROR] Upload error: Invalid UUID format - {"uuid":"68760a7c535c00.19700362"}
[2025-07-15 08:00:08] [ERROR] Upload error: Invalid UUID format - {"uuid":"68760a7c535c00.19700362"}
[2025-07-15 08:00:08] [ERROR] Upload error: Invalid UUID format - {"uuid":"68760a7c535c00.19700362"}
[2025-07-15 08:00:08] [ERROR] Upload error: Invalid UUID format - {"uuid":"68760a7c535c00.19700362"}
[2025-07-15 08:00:08] [ERROR] Upload error: Invalid UUID format - {"uuid":"68760a7c535c00.19700362"}
[2025-07-15 08:00:09] [ERROR] Upload error: Invalid UUID format - {"uuid":"68760a7c535c00.19700362"}
[2025-07-15 08:00:09] [ERROR] Upload error: Invalid UUID format - {"uuid":"68760a7c535c00.19700362"}
[2025-07-15 08:00:09] [ERROR] Upload error: Invalid UUID format - {"uuid":"68760a7c535c00.19700362"}
[2025-07-15 08:00:09] [ERROR] Upload error: Invalid UUID format - {"uuid":"68760a7c535c00.19700362"}
[2025-07-15 08:00:09] [ERROR] Upload error: Invalid UUID format - {"uuid":"68760a7c535c00.19700362"}
[2025-07-15 08:00:09] [ERROR] Upload error: Invalid UUID format - {"uuid":"68760a7c535c00.19700362"}
[2025-07-15 08:00:09] [ERROR] Upload error: Invalid UUID format - {"uuid":"68760a7c535c00.19700362"}
[2025-07-15 08:00:09] [ERROR] Upload error: Invalid UUID format - {"uuid":"68760a7c535c00.19700362"}
[2025-07-15 08:00:09] [ERROR] Upload error: Invalid UUID format - {"uuid":"68760a7c535c00.19700362"}
[2025-07-15 08:00:10] [ERROR] Upload error: Invalid UUID format - {"uuid":"68760a7c535c00.19700362"}
[2025-07-15 08:00:10] [ERROR] Upload error: Invalid UUID format - {"uuid":"68760a7c535c00.19700362"}
[2025-07-15 08:00:10] [ERROR] Upload error: Invalid UUID format - {"uuid":"68760a7c535c00.19700362"}
[2025-07-15 08:00:10] [ERROR] Upload error: Invalid UUID format - {"uuid":"68760a7c535c00.19700362"}
[2025-07-15 08:00:10] [ERROR] Upload error: Invalid UUID format - {"uuid":"68760a7c535c00.19700362"}
[2025-07-15 08:00:10] [ERROR] Upload error: Invalid UUID format - {"uuid":"68760a7c535c00.19700362"}
[2025-07-15 08:00:10] [ERROR] Upload error: Invalid UUID format - {"uuid":"68760a7c535c00.19700362"}
[2025-07-15 08:00:10] [ERROR] Upload error: Invalid UUID format - {"uuid":"68760a7c535c00.19700362"}
[2025-07-15 08:00:10] [ERROR] Upload error: Invalid UUID format - {"uuid":"68760a7c535c00.19700362"}
[2025-07-15 08:00:11] [ERROR] Upload error: Invalid UUID format - {"uuid":"68760a7c535c00.19700362"}
[2025-07-15 08:00:11] [ERROR] Upload error: Invalid UUID format - {"uuid":"68760a7c535c00.19700362"}
[2025-07-15 08:00:11] [ERROR] Upload error: Invalid UUID format - {"uuid":"68760a7c535c00.19700362"}
[2025-07-15 08:00:11] [ERROR] Upload error: Invalid UUID format - {"uuid":"68760a7c535c00.19700362"}
[2025-07-15 08:00:11] [ERROR] Upload error: Invalid UUID format - {"uuid":"68760a7c535c00.19700362"}
[2025-07-15 08:00:11] [ERROR] Upload error: Invalid UUID format - {"uuid":"68760a7c535c00.19700362"}
[2025-07-15 08:00:11] [ERROR] Upload error: Invalid UUID format - {"uuid":"68760a7c535c00.19700362"}
[2025-07-15 08:00:11] [ERROR] Upload error: Invalid UUID format - {"uuid":"68760a7c535c00.19700362"}
[2025-07-15 08:00:11] [ERROR] Upload error: Invalid UUID format - {"uuid":"68760a7c535c00.19700362"}
[2025-07-15 08:00:12] [ERROR] Upload error: Invalid UUID format - {"uuid":"68760a7c535c00.19700362"}
[2025-07-15 08:00:12] [ERROR] Upload error: Invalid UUID format - {"uuid":"68760a7c535c00.19700362"}
[2025-07-15 08:00:12] [ERROR] Upload error: Invalid UUID format - {"uuid":"68760a7c535c00.19700362"}
[2025-07-15 08:00:12] [ERROR] Upload error: Invalid UUID format - {"uuid":"68760a7c535c00.19700362"}
[2025-07-15 08:00:12] [ERROR] Upload error: Invalid UUID format - {"uuid":"68760a7c535c00.19700362"}
[2025-07-15 08:00:12] [ERROR] Upload error: Invalid UUID format - {"uuid":"68760a7c535c00.19700362"}
[2025-07-15 08:00:12] [ERROR] Upload error: Invalid UUID format - {"uuid":"68760a7c535c00.19700362"}
[2025-07-15 08:00:12] [ERROR] Upload error: Invalid UUID format - {"uuid":"68760a7c535c00.19700362"}
[2025-07-15 08:00:12] [ERROR] Upload error: Invalid UUID format - {"uuid":"68760a7c535c00.19700362"}
[2025-07-15 08:00:13] [ERROR] Upload error: Invalid UUID format - {"uuid":"68760a7c535c00.19700362"}
[2025-07-15 08:00:13] [ERROR] Upload error: Invalid UUID format - {"uuid":"68760a7c535c00.19700362"}
[2025-07-15 08:00:13] [ERROR] Upload error: Invalid UUID format - {"uuid":"68760a7c535c00.19700362"}
[2025-07-15 08:00:13] [ERROR] Upload error: Invalid UUID format - {"uuid":"68760a7c535c00.19700362"}
[2025-07-15 08:00:13] [ERROR] Upload error: Invalid UUID format - {"uuid":"68760a7c535c00.19700362"}
[2025-07-15 08:00:13] [ERROR] Upload error: Invalid UUID format - {"uuid":"68760a7c535c00.19700362"}
[2025-07-15 08:00:13] [ERROR] Upload error: Invalid UUID format - {"uuid":"68760a7c535c00.19700362"}
[2025-07-15 08:00:13] [ERROR] Upload error: Invalid UUID format - {"uuid":"68760a7c535c00.19700362"}
[2025-07-15 08:00:13] [ERROR] Upload error: Invalid UUID format - {"uuid":"68760a7c535c00.19700362"}
[2025-07-15 08:00:14] [ERROR] Upload error: Invalid UUID format - {"uuid":"68760a7c535c00.19700362"}
[2025-07-15 08:00:14] [ERROR] Upload error: Invalid UUID format - {"uuid":"68760a7c535c00.19700362"}
[2025-07-15 08:00:14] [ERROR] Upload error: Invalid UUID format - {"uuid":"68760a7c535c00.19700362"}
[2025-07-15 08:00:14] [ERROR] Upload error: Invalid UUID format - {"uuid":"68760a7c535c00.19700362"}
[2025-07-15 08:00:14] [ERROR] Upload error: Invalid UUID format - {"uuid":"68760a7c535c00.19700362"}
[2025-07-15 08:00:14] [ERROR] Upload error: Invalid UUID format - {"uuid":"68760a7c535c00.19700362"}
[2025-07-15 08:00:14] [ERROR] Upload error: Invalid UUID format - {"uuid":"68760a7c535c00.19700362"}
[2025-07-15 08:00:14] [ERROR] Upload error: Invalid UUID format - {"uuid":"68760a7c535c00.19700362"}
[2025-07-15 08:00:14] [ERROR] Upload error: Invalid UUID format - {"uuid":"68760a7c535c00.19700362"}
[2025-07-15 08:00:15] [ERROR] Upload error: Invalid UUID format - {"uuid":"68760a7c535c00.19700362"}
[2025-07-15 08:00:15] [ERROR] Upload error: Invalid UUID format - {"uuid":"68760a7c535c00.19700362"}
[2025-07-15 08:00:15] [ERROR] Upload error: Invalid UUID format - {"uuid":"68760a7c535c00.19700362"}
[2025-07-15 08:00:15] [ERROR] Upload error: Invalid UUID format - {"uuid":"68760a7c535c00.19700362"}
[2025-07-15 08:00:15] [ERROR] Upload error: Invalid UUID format - {"uuid":"68760a7c535c00.19700362"}
[2025-07-15 08:00:15] [ERROR] Upload error: Invalid UUID format - {"uuid":"68760a7c535c00.19700362"}
[2025-07-15 08:00:15] [ERROR] Upload error: Invalid UUID format - {"uuid":"68760a7c535c00.19700362"}
[2025-07-15 08:00:15] [ERROR] Upload error: Invalid UUID format - {"uuid":"68760a7c535c00.19700362"}
[2025-07-15 08:00:15] [ERROR] Upload error: Invalid UUID format - {"uuid":"68760a7c535c00.19700362"}
[2025-07-15 08:00:15] [ERROR] Upload error: Invalid UUID format - {"uuid":"68760a7c535c00.19700362"}
[2025-07-15 08:00:16] [ERROR] Upload error: Invalid UUID format - {"uuid":"68760a7c535c00.19700362"}
[2025-07-15 08:00:16] [ERROR] Upload error: Invalid UUID format - {"uuid":"68760a7c535c00.19700362"}
[2025-07-15 08:00:16] [ERROR] Upload error: Invalid UUID format - {"uuid":"68760a7c535c00.19700362"}
[2025-07-15 08:00:16] [ERROR] Upload error: Invalid UUID format - {"uuid":"68760a7c535c00.19700362"}
[2025-07-15 08:00:16] [ERROR] Upload error: Invalid UUID format - {"uuid":"68760a7c535c00.19700362"}
[2025-07-15 08:00:16] [ERROR] Upload error: Invalid UUID format - {"uuid":"68760a7c535c00.19700362"}
[2025-07-15 08:00:16] [ERROR] Upload error: Invalid UUID format - {"uuid":"68760a7c535c00.19700362"}
[2025-07-15 08:00:16] [ERROR] Upload error: Invalid UUID format - {"uuid":"68760a7c535c00.19700362"}
[2025-07-15 08:00:16] [ERROR] Upload error: Invalid UUID format - {"uuid":"68760a7c535c00.19700362"}
[2025-07-15 08:00:16] [ERROR] Upload error: Invalid UUID format - {"uuid":"68760a7c535c00.19700362"}
[2025-07-15 08:00:17] [ERROR] Upload error: Invalid UUID format - {"uuid":"68760a7c535c00.19700362"}
[2025-07-15 08:00:17] [ERROR] Upload error: Invalid UUID format - {"uuid":"68760a7c535c00.19700362"}
[2025-07-15 08:00:17] [ERROR] Upload error: Invalid UUID format - {"uuid":"68760a7c535c00.19700362"}
[2025-07-15 08:00:17] [ERROR] Upload error: Invalid UUID format - {"uuid":"68760a7c535c00.19700362"}
[2025-07-15 08:00:17] [ERROR] Upload error: Invalid UUID format - {"uuid":"68760a7c535c00.19700362"}
[2025-07-15 08:00:17] [ERROR] Upload error: Invalid UUID format - {"uuid":"68760a7c535c00.19700362"}
[2025-07-15 08:00:17] [ERROR] Upload error: Invalid UUID format - {"uuid":"68760a7c535c00.19700362"}
[2025-07-15 08:00:17] [ERROR] Upload error: Invalid UUID format - {"uuid":"68760a7c535c00.19700362"}
[2025-07-15 08:00:17] [ERROR] Upload error: Invalid UUID format - {"uuid":"68760a7c535c00.19700362"}
[2025-07-15 08:00:17] [ERROR] Upload error: Invalid UUID format - {"uuid":"68760a7c535c00.19700362"}
[2025-07-15 08:00:17] [ERROR] Upload error: Invalid UUID format - {"uuid":"68760a7c535c00.19700362"}
[2025-07-15 08:00:17] [ERROR] Upload error: Invalid UUID format - {"uuid":"68760a7c535c00.19700362"}
[2025-07-15 08:00:17] [ERROR] Upload error: Invalid UUID format - {"uuid":"68760a7c535c00.19700362"}
[2025-07-15 08:00:17] [ERROR] Upload error: Invalid UUID format - {"uuid":"68760a7c535c00.19700362"}
[2025-07-15 08:00:17] [ERROR] Upload error: Invalid UUID format - {"uuid":"68760a7c535c00.19700362"}
[2025-07-15 08:00:17] [ERROR] Upload error: Invalid UUID format - {"uuid":"68760a7c535c00.19700362"}
[2025-07-15 08:00:17] [ERROR] Upload error: Invalid UUID format - {"uuid":"68760a7c535c00.19700362"}
[2025-07-15 08:00:18] [ERROR] Upload error: Invalid UUID format - {"uuid":"68760a7c535c00.19700362"}
[2025-07-15 08:00:18] [ERROR] Upload error: Invalid UUID format - {"uuid":"68760a7c535c00.19700362"}
[2025-07-15 08:00:18] [ERROR] Upload error: Invalid UUID format - {"uuid":"68760a7c535c00.19700362"}
[2025-07-15 08:00:18] [ERROR] Upload error: Invalid UUID format - {"uuid":"68760a7c535c00.19700362"}
[2025-07-15 08:00:18] [ERROR] Upload error: Invalid UUID format - {"uuid":"68760a7c535c00.19700362"}
[2025-07-15 08:00:18] [ERROR] Upload error: Invalid UUID format - {"uuid":"68760a7c535c00.19700362"}
[2025-07-15 08:00:18] [ERROR] Upload error: Invalid UUID format - {"uuid":"68760a7c535c00.19700362"}
[2025-07-15 08:00:18] [ERROR] Upload error: Invalid UUID format - {"uuid":"68760a7c535c00.19700362"}
[2025-07-15 08:00:18] [ERROR] Upload error: Invalid UUID format - {"uuid":"68760a7c535c00.19700362"}
[2025-07-15 08:00:18] [ERROR] Upload error: Invalid UUID format - {"uuid":"68760a7c535c00.19700362"}
[2025-07-15 08:00:18] [ERROR] Upload error: Invalid UUID format - {"uuid":"68760a7c535c00.19700362"}
[2025-07-15 08:00:18] [ERROR] Upload error: Invalid UUID format - {"uuid":"68760a7c535c00.19700362"}
[2025-07-15 08:00:18] [ERROR] Upload error: Invalid UUID format - {"uuid":"68760a7c535c00.19700362"}
[2025-07-15 08:00:18] [ERROR] Upload error: Invalid UUID format - {"uuid":"68760a7c535c00.19700362"}
[2025-07-15 08:00:18] [ERROR] Upload error: Invalid UUID format - {"uuid":"68760a7c535c00.19700362"}
[2025-07-15 08:00:18] [ERROR] Upload error: Invalid UUID format - {"uuid":"68760a7c535c00.19700362"}
[2025-07-15 08:00:18] [ERROR] Upload error: Invalid UUID format - {"uuid":"68760a7c535c00.19700362"}
[2025-07-15 08:00:18] [ERROR] Upload error: Invalid UUID format - {"uuid":"68760a7c535c00.19700362"}
[2025-07-15 08:00:18] [ERROR] Upload error: Invalid UUID format - {"uuid":"68760a7c535c00.19700362"}
[2025-07-15 08:00:18] [ERROR] Upload error: Invalid UUID format - {"uuid":"68760a7c535c00.19700362"}
[2025-07-15 08:00:19] [ERROR] Upload error: Invalid UUID format - {"uuid":"68760a7c535c00.19700362"}
[2025-07-15 08:00:19] [ERROR] Upload error: Invalid UUID format - {"uuid":"68760a7c535c00.19700362"}
[2025-07-15 08:00:19] [ERROR] Upload error: Invalid UUID format - {"uuid":"68760a7c535c00.19700362"}
[2025-07-15 08:00:19] [ERROR] Upload error: Invalid UUID format - {"uuid":"68760a7c535c00.19700362"}
[2025-07-15 08:00:19] [ERROR] Upload error: Invalid UUID format - {"uuid":"68760a7c535c00.19700362"}
[2025-07-15 08:00:19] [ERROR] Upload error: Invalid UUID format - {"uuid":"68760a7c535c00.19700362"}
[2025-07-15 08:00:19] [ERROR] Upload error: Invalid UUID format - {"uuid":"68760a7c535c00.19700362"}
[2025-07-15 08:00:19] [ERROR] Upload error: Invalid UUID format - {"uuid":"68760a7c535c00.19700362"}
[2025-07-15 08:00:19] [ERROR] Upload error: Invalid UUID format - {"uuid":"68760a7c535c00.19700362"}
[2025-07-15 08:00:19] [ERROR] Upload error: Invalid UUID format - {"uuid":"68760a7c535c00.19700362"}
[2025-07-15 08:00:19] [ERROR] Upload error: Invalid UUID format - {"uuid":"68760a7c535c00.19700362"}
[2025-07-15 08:00:19] [ERROR] Upload error: Invalid UUID format - {"uuid":"68760a7c535c00.19700362"}
[2025-07-15 08:00:19] [ERROR] Upload error: Invalid UUID format - {"uuid":"68760a7c535c00.19700362"}
[2025-07-15 08:00:19] [ERROR] Upload error: Invalid UUID format - {"uuid":"68760a7c535c00.19700362"}
[2025-07-15 08:00:19] [ERROR] Upload error: Invalid UUID format - {"uuid":"68760a7c535c00.19700362"}
[2025-07-15 08:00:19] [ERROR] Upload error: Invalid UUID format - {"uuid":"68760a7c535c00.19700362"}
[2025-07-15 08:00:19] [ERROR] Upload error: Invalid UUID format - {"uuid":"68760a7c535c00.19700362"}
[2025-07-15 08:00:20] [ERROR] Upload error: Invalid UUID format - {"uuid":"68760a7c535c00.19700362"}
[2025-07-15 08:00:20] [ERROR] Upload error: Invalid UUID format - {"uuid":"68760a7c535c00.19700362"}
[2025-07-15 08:00:20] [ERROR] Upload error: Invalid UUID format - {"uuid":"68760a7c535c00.19700362"}
[2025-07-15 08:00:20] [ERROR] Upload error: Invalid UUID format - {"uuid":"68760a7c535c00.19700362"}
[2025-07-15 08:00:20] [ERROR] Upload error: Invalid UUID format - {"uuid":"68760a7c535c00.19700362"}
[2025-07-15 08:00:20] [ERROR] Upload error: Invalid UUID format - {"uuid":"68760a7c535c00.19700362"}
[2025-07-15 08:00:20] [ERROR] Upload error: Invalid UUID format - {"uuid":"68760a7c535c00.19700362"}
[2025-07-15 08:00:20] [ERROR] Upload error: Invalid UUID format - {"uuid":"68760a7c535c00.19700362"}
[2025-07-15 08:00:20] [ERROR] Upload error: Invalid UUID format - {"uuid":"68760a7c535c00.19700362"}
[2025-07-15 08:00:20] [ERROR] Upload error: Invalid UUID format - {"uuid":"68760a7c535c00.19700362"}
[2025-07-15 08:00:20] [ERROR] Upload error: Invalid UUID format - {"uuid":"68760a7c535c00.19700362"}
[2025-07-15 08:00:20] [ERROR] Upload error: Invalid UUID format - {"uuid":"68760a7c535c00.19700362"}
[2025-07-15 08:00:20] [ERROR] Upload error: Invalid UUID format - {"uuid":"68760a7c535c00.19700362"}
[2025-07-15 08:00:20] [ERROR] Upload error: Invalid UUID format - {"uuid":"68760a7c535c00.19700362"}
[2025-07-15 08:00:20] [ERROR] Upload error: Invalid UUID format - {"uuid":"68760a7c535c00.19700362"}
[2025-07-15 08:00:20] [ERROR] Upload error: Invalid UUID format - {"uuid":"68760a7c535c00.19700362"}
[2025-07-15 08:03:53] [INFO] Generated UUID for new upload session - {"uuid":"68760b69936589.95300077"}
[2025-07-15 08:03:53] [INFO] Chunk saved successfully - {"uuid":"68760b69936589.95300077","index":0,"path":".\/68760b69936589.95300077---00000000"}
[2025-07-15 08:03:53] [INFO] Chunk saved successfully - {"uuid":"68760b69936589.95300077","index":2,"path":".\/68760b69936589.95300077---00000002"}
[2025-07-15 08:03:53] [INFO] Chunk saved successfully - {"uuid":"68760b69936589.95300077","index":4,"path":".\/68760b69936589.95300077---00000004"}
[2025-07-15 08:03:53] [INFO] Chunk saved successfully - {"uuid":"68760b69936589.95300077","index":1,"path":".\/68760b69936589.95300077---00000001"}
[2025-07-15 08:03:53] [INFO] Chunk saved successfully - {"uuid":"68760b69936589.95300077","index":3,"path":".\/68760b69936589.95300077---00000003"}
[2025-07-15 08:03:53] [INFO] Chunk saved successfully - {"uuid":"68760b69936589.95300077","index":5,"path":".\/68760b69936589.95300077---00000005"}
[2025-07-15 08:03:54] [INFO] Chunk saved successfully - {"uuid":"68760b69936589.95300077","index":7,"path":".\/68760b69936589.95300077---00000007"}
[2025-07-15 08:03:54] [INFO] Chunk saved successfully - {"uuid":"68760b69936589.95300077","index":8,"path":".\/68760b69936589.95300077---00000008"}
[2025-07-15 08:03:54] [INFO] Chunk saved successfully - {"uuid":"68760b69936589.95300077","index":10,"path":".\/68760b69936589.95300077---00000010"}
[2025-07-15 08:03:54] [INFO] Chunk saved successfully - {"uuid":"68760b69936589.95300077","index":9,"path":".\/68760b69936589.95300077---00000009"}
[2025-07-15 08:03:54] [INFO] Chunk saved successfully - {"uuid":"68760b69936589.95300077","index":6,"path":".\/68760b69936589.95300077---00000006"}
[2025-07-15 08:03:54] [INFO] Chunk saved successfully - {"uuid":"68760b69936589.95300077","index":11,"path":".\/68760b69936589.95300077---00000011"}
[2025-07-15 08:03:54] [INFO] Chunk saved successfully - {"uuid":"68760b69936589.95300077","index":13,"path":".\/68760b69936589.95300077---00000013"}
[2025-07-15 08:03:54] [INFO] Chunk saved successfully - {"uuid":"68760b69936589.95300077","index":14,"path":".\/68760b69936589.95300077---00000014"}
[2025-07-15 08:03:54] [INFO] Chunk saved successfully - {"uuid":"68760b69936589.95300077","index":15,"path":".\/68760b69936589.95300077---00000015"}
[2025-07-15 08:03:54] [INFO] Chunk saved successfully - {"uuid":"68760b69936589.95300077","index":16,"path":".\/68760b69936589.95300077---00000016"}
[2025-07-15 08:03:54] [INFO] Chunk saved successfully - {"uuid":"68760b69936589.95300077","index":17,"path":".\/68760b69936589.95300077---00000017"}
[2025-07-15 08:03:54] [INFO] Chunk saved successfully - {"uuid":"68760b69936589.95300077","index":12,"path":".\/68760b69936589.95300077---00000012"}
[2025-07-15 08:03:54] [INFO] Chunk saved successfully - {"uuid":"68760b69936589.95300077","index":19,"path":".\/68760b69936589.95300077---00000019"}
[2025-07-15 08:03:54] [INFO] Chunk saved successfully - {"uuid":"68760b69936589.95300077","index":18,"path":".\/68760b69936589.95300077---00000018"}
[2025-07-15 08:03:54] [INFO] Chunk saved successfully - {"uuid":"68760b69936589.95300077","index":20,"path":".\/68760b69936589.95300077---00000020"}
[2025-07-15 08:03:54] [INFO] Chunk saved successfully - {"uuid":"68760b69936589.95300077","index":21,"path":".\/68760b69936589.95300077---00000021"}
[2025-07-15 08:03:54] [INFO] Chunk saved successfully - {"uuid":"68760b69936589.95300077","index":22,"path":".\/68760b69936589.95300077---00000022"}
[2025-07-15 08:03:54] [INFO] Chunk saved successfully - {"uuid":"68760b69936589.95300077","index":23,"path":".\/68760b69936589.95300077---00000023"}
[2025-07-15 08:03:55] [INFO] Chunk saved successfully - {"uuid":"68760b69936589.95300077","index":25,"path":".\/68760b69936589.95300077---00000025"}
[2025-07-15 08:03:55] [INFO] Chunk saved successfully - {"uuid":"68760b69936589.95300077","index":24,"path":".\/68760b69936589.95300077---00000024"}
[2025-07-15 08:03:55] [INFO] Chunk saved successfully - {"uuid":"68760b69936589.95300077","index":26,"path":".\/68760b69936589.95300077---00000026"}
[2025-07-15 08:03:55] [INFO] Chunk saved successfully - {"uuid":"68760b69936589.95300077","index":27,"path":".\/68760b69936589.95300077---00000027"}
[2025-07-15 08:03:55] [INFO] Chunk saved successfully - {"uuid":"68760b69936589.95300077","index":28,"path":".\/68760b69936589.95300077---00000028"}
[2025-07-15 08:03:55] [INFO] Chunk saved successfully - {"uuid":"68760b69936589.95300077","index":29,"path":".\/68760b69936589.95300077---00000029"}
[2025-07-15 08:03:55] [INFO] Chunk saved successfully - {"uuid":"68760b69936589.95300077","index":30,"path":".\/68760b69936589.95300077---00000030"}
[2025-07-15 08:03:55] [INFO] Chunk saved successfully - {"uuid":"68760b69936589.95300077","index":31,"path":".\/68760b69936589.95300077---00000031"}
[2025-07-15 08:03:55] [INFO] Chunk saved successfully - {"uuid":"68760b69936589.95300077","index":32,"path":".\/68760b69936589.95300077---00000032"}
[2025-07-15 08:03:55] [INFO] Chunk saved successfully - {"uuid":"68760b69936589.95300077","index":33,"path":".\/68760b69936589.95300077---00000033"}
[2025-07-15 08:03:55] [INFO] Chunk saved successfully - {"uuid":"68760b69936589.95300077","index":34,"path":".\/68760b69936589.95300077---00000034"}
[2025-07-15 08:03:55] [INFO] Chunk saved successfully - {"uuid":"68760b69936589.95300077","index":35,"path":".\/68760b69936589.95300077---00000035"}
[2025-07-15 08:03:55] [INFO] Chunk saved successfully - {"uuid":"68760b69936589.95300077","index":36,"path":".\/68760b69936589.95300077---00000036"}
[2025-07-15 08:03:55] [INFO] Chunk saved successfully - {"uuid":"68760b69936589.95300077","index":37,"path":".\/68760b69936589.95300077---00000037"}
[2025-07-15 08:03:55] [INFO] Chunk saved successfully - {"uuid":"68760b69936589.95300077","index":39,"path":".\/68760b69936589.95300077---00000039"}
[2025-07-15 08:03:55] [INFO] Chunk saved successfully - {"uuid":"68760b69936589.95300077","index":40,"path":".\/68760b69936589.95300077---00000040"}
[2025-07-15 08:03:55] [INFO] Chunk saved successfully - {"uuid":"68760b69936589.95300077","index":41,"path":".\/68760b69936589.95300077---00000041"}
[2025-07-15 08:03:55] [INFO] Chunk saved successfully - {"uuid":"68760b69936589.95300077","index":38,"path":".\/68760b69936589.95300077---00000038"}
[2025-07-15 08:03:56] [INFO] Chunk saved successfully - {"uuid":"68760b69936589.95300077","index":43,"path":".\/68760b69936589.95300077---00000043"}
[2025-07-15 08:03:56] [INFO] Chunk saved successfully - {"uuid":"68760b69936589.95300077","index":44,"path":".\/68760b69936589.95300077---00000044"}
[2025-07-15 08:03:56] [INFO] Chunk saved successfully - {"uuid":"68760b69936589.95300077","index":45,"path":".\/68760b69936589.95300077---00000045"}
[2025-07-15 08:03:56] [INFO] Chunk saved successfully - {"uuid":"68760b69936589.95300077","index":46,"path":".\/68760b69936589.95300077---00000046"}
[2025-07-15 08:03:56] [INFO] Chunk saved successfully - {"uuid":"68760b69936589.95300077","index":42,"path":".\/68760b69936589.95300077---00000042"}
[2025-07-15 08:03:56] [INFO] Chunk saved successfully - {"uuid":"68760b69936589.95300077","index":47,"path":".\/68760b69936589.95300077---00000047"}
[2025-07-15 08:03:56] [INFO] Chunk saved successfully - {"uuid":"68760b69936589.95300077","index":48,"path":".\/68760b69936589.95300077---00000048"}
[2025-07-15 08:03:56] [INFO] Chunk saved successfully - {"uuid":"68760b69936589.95300077","index":49,"path":".\/68760b69936589.95300077---00000049"}
[2025-07-15 08:03:56] [INFO] Chunk saved successfully - {"uuid":"68760b69936589.95300077","index":50,"path":".\/68760b69936589.95300077---00000050"}
[2025-07-15 08:03:56] [INFO] Chunk saved successfully - {"uuid":"68760b69936589.95300077","index":51,"path":".\/68760b69936589.95300077---00000051"}
[2025-07-15 08:03:56] [INFO] Chunk saved successfully - {"uuid":"68760b69936589.95300077","index":52,"path":".\/68760b69936589.95300077---00000052"}
[2025-07-15 08:03:56] [INFO] Chunk saved successfully - {"uuid":"68760b69936589.95300077","index":53,"path":".\/68760b69936589.95300077---00000053"}
[2025-07-15 08:03:56] [INFO] Chunk saved successfully - {"uuid":"68760b69936589.95300077","index":54,"path":".\/68760b69936589.95300077---00000054"}
[2025-07-15 08:03:56] [INFO] Chunk saved successfully - {"uuid":"68760b69936589.95300077","index":55,"path":".\/68760b69936589.95300077---00000055"}
[2025-07-15 08:03:56] [INFO] Chunk saved successfully - {"uuid":"68760b69936589.95300077","index":57,"path":".\/68760b69936589.95300077---00000057"}
[2025-07-15 08:03:56] [INFO] Chunk saved successfully - {"uuid":"68760b69936589.95300077","index":56,"path":".\/68760b69936589.95300077---00000056"}
[2025-07-15 08:03:56] [INFO] Chunk saved successfully - {"uuid":"68760b69936589.95300077","index":58,"path":".\/68760b69936589.95300077---00000058"}
[2025-07-15 08:03:56] [INFO] Chunk saved successfully - {"uuid":"68760b69936589.95300077","index":59,"path":".\/68760b69936589.95300077---00000059"}
[2025-07-15 08:03:57] [INFO] Chunk saved successfully - {"uuid":"68760b69936589.95300077","index":60,"path":".\/68760b69936589.95300077---00000060"}
[2025-07-15 08:03:57] [INFO] Chunk saved successfully - {"uuid":"68760b69936589.95300077","index":63,"path":".\/68760b69936589.95300077---00000063"}
[2025-07-15 08:03:57] [INFO] Chunk saved successfully - {"uuid":"68760b69936589.95300077","index":64,"path":".\/68760b69936589.95300077---00000064"}
[2025-07-15 08:03:57] [INFO] Chunk saved successfully - {"uuid":"68760b69936589.95300077","index":65,"path":".\/68760b69936589.95300077---00000065"}
[2025-07-15 08:03:57] [INFO] Chunk saved successfully - {"uuid":"68760b69936589.95300077","index":61,"path":".\/68760b69936589.95300077---00000061"}
[2025-07-15 08:03:57] [INFO] Chunk saved successfully - {"uuid":"68760b69936589.95300077","index":62,"path":".\/68760b69936589.95300077---00000062"}
[2025-07-15 08:03:57] [INFO] Chunk saved successfully - {"uuid":"68760b69936589.95300077","index":66,"path":".\/68760b69936589.95300077---00000066"}
[2025-07-15 08:03:57] [INFO] Chunk saved successfully - {"uuid":"68760b69936589.95300077","index":67,"path":".\/68760b69936589.95300077---00000067"}
[2025-07-15 08:03:57] [INFO] Chunk saved successfully - {"uuid":"68760b69936589.95300077","index":68,"path":".\/68760b69936589.95300077---00000068"}
[2025-07-15 08:03:57] [INFO] Chunk saved successfully - {"uuid":"68760b69936589.95300077","index":69,"path":".\/68760b69936589.95300077---00000069"}
[2025-07-15 08:03:57] [INFO] Chunk saved successfully - {"uuid":"68760b69936589.95300077","index":70,"path":".\/68760b69936589.95300077---00000070"}
[2025-07-15 08:03:57] [INFO] Chunk saved successfully - {"uuid":"68760b69936589.95300077","index":71,"path":".\/68760b69936589.95300077---00000071"}
[2025-07-15 08:03:57] [INFO] Chunk saved successfully - {"uuid":"68760b69936589.95300077","index":72,"path":".\/68760b69936589.95300077---00000072"}
[2025-07-15 08:03:57] [INFO] Chunk saved successfully - {"uuid":"68760b69936589.95300077","index":73,"path":".\/68760b69936589.95300077---00000073"}
[2025-07-15 08:03:57] [INFO] Chunk saved successfully - {"uuid":"68760b69936589.95300077","index":74,"path":".\/68760b69936589.95300077---00000074"}
[2025-07-15 08:03:57] [INFO] Chunk saved successfully - {"uuid":"68760b69936589.95300077","index":75,"path":".\/68760b69936589.95300077---00000075"}
[2025-07-15 08:03:57] [INFO] Chunk saved successfully - {"uuid":"68760b69936589.95300077","index":77,"path":".\/68760b69936589.95300077---00000077"}
[2025-07-15 08:03:57] [INFO] Chunk saved successfully - {"uuid":"68760b69936589.95300077","index":76,"path":".\/68760b69936589.95300077---00000076"}
[2025-07-15 08:03:58] [INFO] Chunk saved successfully - {"uuid":"68760b69936589.95300077","index":78,"path":".\/68760b69936589.95300077---00000078"}
[2025-07-15 08:03:58] [INFO] Chunk saved successfully - {"uuid":"68760b69936589.95300077","index":79,"path":".\/68760b69936589.95300077---00000079"}
[2025-07-15 08:03:58] [INFO] Chunk saved successfully - {"uuid":"68760b69936589.95300077","index":80,"path":".\/68760b69936589.95300077---00000080"}
[2025-07-15 08:03:58] [INFO] Chunk saved successfully - {"uuid":"68760b69936589.95300077","index":81,"path":".\/68760b69936589.95300077---00000081"}
[2025-07-15 08:03:58] [INFO] Chunk saved successfully - {"uuid":"68760b69936589.95300077","index":82,"path":".\/68760b69936589.95300077---00000082"}
[2025-07-15 08:03:58] [INFO] Starting file completion - {"uuid":"68760b69936589.95300077","fileName":"[TAGRO] \u5909\u30bc\u30df \u7b2c01\u5dfb.pdf"}
[2025-07-15 08:03:58] [INFO] File completed successfully - {"uuid":"68760b69936589.95300077","fileName":"[TAGRO] \u5909\u30bc\u30df \u7b2c01\u5dfb.pdf","path":".\/[TAGRO] \u5909\u30bc\u30df \u7b2c01\u5dfb.pdf"}
[2025-07-15 08:11:31] [INFO] Generated UUID for new upload session - {"uuid":"68760d335fa2f1.04519556"}
[2025-07-15 08:11:31] [INFO] Chunk saved successfully - {"uuid":"68760d335fa2f1.04519556","index":1,"path":".\/temp\/68760d335fa2f1.04519556---00000001"}
[2025-07-15 08:11:31] [INFO] Chunk saved successfully - {"uuid":"68760d335fa2f1.04519556","index":0,"path":".\/temp\/68760d335fa2f1.04519556---00000000"}
[2025-07-15 08:11:31] [INFO] Chunk saved successfully - {"uuid":"68760d335fa2f1.04519556","index":5,"path":".\/temp\/68760d335fa2f1.04519556---00000005"}
[2025-07-15 08:11:31] [INFO] Chunk saved successfully - {"uuid":"68760d335fa2f1.04519556","index":3,"path":".\/temp\/68760d335fa2f1.04519556---00000003"}
[2025-07-15 08:11:31] [INFO] Chunk saved successfully - {"uuid":"68760d335fa2f1.04519556","index":2,"path":".\/temp\/68760d335fa2f1.04519556---00000002"}
[2025-07-15 08:11:31] [INFO] Chunk saved successfully - {"uuid":"68760d335fa2f1.04519556","index":4,"path":".\/temp\/68760d335fa2f1.04519556---00000004"}
[2025-07-15 08:11:32] [INFO] Chunk saved successfully - {"uuid":"68760d335fa2f1.04519556","index":6,"path":".\/temp\/68760d335fa2f1.04519556---00000006"}
[2025-07-15 08:11:32] [INFO] Chunk saved successfully - {"uuid":"68760d335fa2f1.04519556","index":7,"path":".\/temp\/68760d335fa2f1.04519556---00000007"}
[2025-07-15 08:11:32] [INFO] Chunk saved successfully - {"uuid":"68760d335fa2f1.04519556","index":11,"path":".\/temp\/68760d335fa2f1.04519556---00000011"}
[2025-07-15 08:11:32] [INFO] Chunk saved successfully - {"uuid":"68760d335fa2f1.04519556","index":10,"path":".\/temp\/68760d335fa2f1.04519556---00000010"}
[2025-07-15 08:11:32] [INFO] Chunk saved successfully - {"uuid":"68760d335fa2f1.04519556","index":8,"path":".\/temp\/68760d335fa2f1.04519556---00000008"}
[2025-07-15 08:11:32] [INFO] Chunk saved successfully - {"uuid":"68760d335fa2f1.04519556","index":9,"path":".\/temp\/68760d335fa2f1.04519556---00000009"}
[2025-07-15 08:11:32] [INFO] Chunk saved successfully - {"uuid":"68760d335fa2f1.04519556","index":12,"path":".\/temp\/68760d335fa2f1.04519556---00000012"}
[2025-07-15 08:11:32] [INFO] Chunk saved successfully - {"uuid":"68760d335fa2f1.04519556","index":13,"path":".\/temp\/68760d335fa2f1.04519556---00000013"}
[2025-07-15 08:11:32] [INFO] Chunk saved successfully - {"uuid":"68760d335fa2f1.04519556","index":16,"path":".\/temp\/68760d335fa2f1.04519556---00000016"}
[2025-07-15 08:11:32] [INFO] Chunk saved successfully - {"uuid":"68760d335fa2f1.04519556","index":15,"path":".\/temp\/68760d335fa2f1.04519556---00000015"}
[2025-07-15 08:11:32] [INFO] Chunk saved successfully - {"uuid":"68760d335fa2f1.04519556","index":17,"path":".\/temp\/68760d335fa2f1.04519556---00000017"}
[2025-07-15 08:11:32] [INFO] Chunk saved successfully - {"uuid":"68760d335fa2f1.04519556","index":14,"path":".\/temp\/68760d335fa2f1.04519556---00000014"}
[2025-07-15 08:11:32] [INFO] Chunk saved successfully - {"uuid":"68760d335fa2f1.04519556","index":18,"path":".\/temp\/68760d335fa2f1.04519556---00000018"}
[2025-07-15 08:11:32] [INFO] Chunk saved successfully - {"uuid":"68760d335fa2f1.04519556","index":19,"path":".\/temp\/68760d335fa2f1.04519556---00000019"}
[2025-07-15 08:11:32] [INFO] Chunk saved successfully - {"uuid":"68760d335fa2f1.04519556","index":21,"path":".\/temp\/68760d335fa2f1.04519556---00000021"}
[2025-07-15 08:11:32] [INFO] Chunk saved successfully - {"uuid":"68760d335fa2f1.04519556","index":20,"path":".\/temp\/68760d335fa2f1.04519556---00000020"}
[2025-07-15 08:11:32] [INFO] Chunk saved successfully - {"uuid":"68760d335fa2f1.04519556","index":22,"path":".\/temp\/68760d335fa2f1.04519556---00000022"}
[2025-07-15 08:11:32] [INFO] Chunk saved successfully - {"uuid":"68760d335fa2f1.04519556","index":23,"path":".\/temp\/68760d335fa2f1.04519556---00000023"}
[2025-07-15 08:11:33] [INFO] Chunk saved successfully - {"uuid":"68760d335fa2f1.04519556","index":24,"path":".\/temp\/68760d335fa2f1.04519556---00000024"}
[2025-07-15 08:11:33] [INFO] Chunk saved successfully - {"uuid":"68760d335fa2f1.04519556","index":25,"path":".\/temp\/68760d335fa2f1.04519556---00000025"}
[2025-07-15 08:11:33] [INFO] Chunk saved successfully - {"uuid":"68760d335fa2f1.04519556","index":26,"path":".\/temp\/68760d335fa2f1.04519556---00000026"}
[2025-07-15 08:11:33] [INFO] Chunk saved successfully - {"uuid":"68760d335fa2f1.04519556","index":27,"path":".\/temp\/68760d335fa2f1.04519556---00000027"}
[2025-07-15 08:11:33] [INFO] Chunk saved successfully - {"uuid":"68760d335fa2f1.04519556","index":28,"path":".\/temp\/68760d335fa2f1.04519556---00000028"}
[2025-07-15 08:11:33] [INFO] Chunk saved successfully - {"uuid":"68760d335fa2f1.04519556","index":29,"path":".\/temp\/68760d335fa2f1.04519556---00000029"}
[2025-07-15 08:11:33] [INFO] Chunk saved successfully - {"uuid":"68760d335fa2f1.04519556","index":30,"path":".\/temp\/68760d335fa2f1.04519556---00000030"}
[2025-07-15 08:11:33] [INFO] Chunk saved successfully - {"uuid":"68760d335fa2f1.04519556","index":31,"path":".\/temp\/68760d335fa2f1.04519556---00000031"}
[2025-07-15 08:11:33] [INFO] Chunk saved successfully - {"uuid":"68760d335fa2f1.04519556","index":33,"path":".\/temp\/68760d335fa2f1.04519556---00000033"}
[2025-07-15 08:11:33] [INFO] Chunk saved successfully - {"uuid":"68760d335fa2f1.04519556","index":34,"path":".\/temp\/68760d335fa2f1.04519556---00000034"}
[2025-07-15 08:11:33] [INFO] Chunk saved successfully - {"uuid":"68760d335fa2f1.04519556","index":35,"path":".\/temp\/68760d335fa2f1.04519556---00000035"}
[2025-07-15 08:11:33] [INFO] Chunk saved successfully - {"uuid":"68760d335fa2f1.04519556","index":32,"path":".\/temp\/68760d335fa2f1.04519556---00000032"}
[2025-07-15 08:11:33] [INFO] Chunk saved successfully - {"uuid":"68760d335fa2f1.04519556","index":37,"path":".\/temp\/68760d335fa2f1.04519556---00000037"}
[2025-07-15 08:11:33] [INFO] Chunk saved successfully - {"uuid":"68760d335fa2f1.04519556","index":36,"path":".\/temp\/68760d335fa2f1.04519556---00000036"}
[2025-07-15 08:11:34] [INFO] Chunk saved successfully - {"uuid":"68760d335fa2f1.04519556","index":38,"path":".\/temp\/68760d335fa2f1.04519556---00000038"}
[2025-07-15 08:11:34] [INFO] Chunk saved successfully - {"uuid":"68760d335fa2f1.04519556","index":39,"path":".\/temp\/68760d335fa2f1.04519556---00000039"}
[2025-07-15 08:11:34] [INFO] Chunk saved successfully - {"uuid":"68760d335fa2f1.04519556","index":40,"path":".\/temp\/68760d335fa2f1.04519556---00000040"}
[2025-07-15 08:11:34] [INFO] Chunk saved successfully - {"uuid":"68760d335fa2f1.04519556","index":41,"path":".\/temp\/68760d335fa2f1.04519556---00000041"}
[2025-07-15 08:11:34] [INFO] Chunk saved successfully - {"uuid":"68760d335fa2f1.04519556","index":43,"path":".\/temp\/68760d335fa2f1.04519556---00000043"}
[2025-07-15 08:11:34] [INFO] Chunk saved successfully - {"uuid":"68760d335fa2f1.04519556","index":42,"path":".\/temp\/68760d335fa2f1.04519556---00000042"}
[2025-07-15 08:11:34] [INFO] Chunk saved successfully - {"uuid":"68760d335fa2f1.04519556","index":45,"path":".\/temp\/68760d335fa2f1.04519556---00000045"}
[2025-07-15 08:11:34] [INFO] Chunk saved successfully - {"uuid":"68760d335fa2f1.04519556","index":46,"path":".\/temp\/68760d335fa2f1.04519556---00000046"}
[2025-07-15 08:11:34] [INFO] Chunk saved successfully - {"uuid":"68760d335fa2f1.04519556","index":47,"path":".\/temp\/68760d335fa2f1.04519556---00000047"}
[2025-07-15 08:11:34] [INFO] Chunk saved successfully - {"uuid":"68760d335fa2f1.04519556","index":44,"path":".\/temp\/68760d335fa2f1.04519556---00000044"}
[2025-07-15 08:11:34] [INFO] Chunk saved successfully - {"uuid":"68760d335fa2f1.04519556","index":48,"path":".\/temp\/68760d335fa2f1.04519556---00000048"}
[2025-07-15 08:11:34] [INFO] Chunk saved successfully - {"uuid":"68760d335fa2f1.04519556","index":49,"path":".\/temp\/68760d335fa2f1.04519556---00000049"}
[2025-07-15 08:11:34] [INFO] Chunk saved successfully - {"uuid":"68760d335fa2f1.04519556","index":50,"path":".\/temp\/68760d335fa2f1.04519556---00000050"}
[2025-07-15 08:11:34] [INFO] Chunk saved successfully - {"uuid":"68760d335fa2f1.04519556","index":51,"path":".\/temp\/68760d335fa2f1.04519556---00000051"}
[2025-07-15 08:11:34] [INFO] Chunk saved successfully - {"uuid":"68760d335fa2f1.04519556","index":52,"path":".\/temp\/68760d335fa2f1.04519556---00000052"}
[2025-07-15 08:11:34] [INFO] Chunk saved successfully - {"uuid":"68760d335fa2f1.04519556","index":53,"path":".\/temp\/68760d335fa2f1.04519556---00000053"}
[2025-07-15 08:11:34] [INFO] Chunk saved successfully - {"uuid":"68760d335fa2f1.04519556","index":55,"path":".\/temp\/68760d335fa2f1.04519556---00000055"}
[2025-07-15 08:11:34] [INFO] Chunk saved successfully - {"uuid":"68760d335fa2f1.04519556","index":54,"path":".\/temp\/68760d335fa2f1.04519556---00000054"}
[2025-07-15 08:11:35] [INFO] Chunk saved successfully - {"uuid":"68760d335fa2f1.04519556","index":56,"path":".\/temp\/68760d335fa2f1.04519556---00000056"}
[2025-07-15 08:11:35] [INFO] Chunk saved successfully - {"uuid":"68760d335fa2f1.04519556","index":57,"path":".\/temp\/68760d335fa2f1.04519556---00000057"}
[2025-07-15 08:11:35] [INFO] Chunk saved successfully - {"uuid":"68760d335fa2f1.04519556","index":58,"path":".\/temp\/68760d335fa2f1.04519556---00000058"}
[2025-07-15 08:11:35] [INFO] Chunk saved successfully - {"uuid":"68760d335fa2f1.04519556","index":59,"path":".\/temp\/68760d335fa2f1.04519556---00000059"}
[2025-07-15 08:11:35] [INFO] Chunk saved successfully - {"uuid":"68760d335fa2f1.04519556","index":60,"path":".\/temp\/68760d335fa2f1.04519556---00000060"}
[2025-07-15 08:11:35] [INFO] Chunk saved successfully - {"uuid":"68760d335fa2f1.04519556","index":61,"path":".\/temp\/68760d335fa2f1.04519556---00000061"}
[2025-07-15 08:11:35] [INFO] Chunk saved successfully - {"uuid":"68760d335fa2f1.04519556","index":62,"path":".\/temp\/68760d335fa2f1.04519556---00000062"}
[2025-07-15 08:11:35] [INFO] Chunk saved successfully - {"uuid":"68760d335fa2f1.04519556","index":64,"path":".\/temp\/68760d335fa2f1.04519556---00000064"}
[2025-07-15 08:11:35] [INFO] Chunk saved successfully - {"uuid":"68760d335fa2f1.04519556","index":63,"path":".\/temp\/68760d335fa2f1.04519556---00000063"}
[2025-07-15 08:11:35] [INFO] Chunk saved successfully - {"uuid":"68760d335fa2f1.04519556","index":65,"path":".\/temp\/68760d335fa2f1.04519556---00000065"}
[2025-07-15 08:11:35] [INFO] Chunk saved successfully - {"uuid":"68760d335fa2f1.04519556","index":66,"path":".\/temp\/68760d335fa2f1.04519556---00000066"}
[2025-07-15 08:11:35] [INFO] Chunk saved successfully - {"uuid":"68760d335fa2f1.04519556","index":67,"path":".\/temp\/68760d335fa2f1.04519556---00000067"}
[2025-07-15 08:11:35] [INFO] Chunk saved successfully - {"uuid":"68760d335fa2f1.04519556","index":68,"path":".\/temp\/68760d335fa2f1.04519556---00000068"}
[2025-07-15 08:11:35] [INFO] Chunk saved successfully - {"uuid":"68760d335fa2f1.04519556","index":69,"path":".\/temp\/68760d335fa2f1.04519556---00000069"}
[2025-07-15 08:11:35] [INFO] Chunk saved successfully - {"uuid":"68760d335fa2f1.04519556","index":71,"path":".\/temp\/68760d335fa2f1.04519556---00000071"}
[2025-07-15 08:11:35] [INFO] Chunk saved successfully - {"uuid":"68760d335fa2f1.04519556","index":70,"path":".\/temp\/68760d335fa2f1.04519556---00000070"}
[2025-07-15 08:11:35] [INFO] Chunk saved successfully - {"uuid":"68760d335fa2f1.04519556","index":72,"path":".\/temp\/68760d335fa2f1.04519556---00000072"}
[2025-07-15 08:11:35] [INFO] Chunk saved successfully - {"uuid":"68760d335fa2f1.04519556","index":73,"path":".\/temp\/68760d335fa2f1.04519556---00000073"}
[2025-07-15 08:11:36] [INFO] Chunk saved successfully - {"uuid":"68760d335fa2f1.04519556","index":75,"path":".\/temp\/68760d335fa2f1.04519556---00000075"}
[2025-07-15 08:11:36] [INFO] Chunk saved successfully - {"uuid":"68760d335fa2f1.04519556","index":74,"path":".\/temp\/68760d335fa2f1.04519556---00000074"}
[2025-07-15 08:11:36] [INFO] Chunk saved successfully - {"uuid":"68760d335fa2f1.04519556","index":76,"path":".\/temp\/68760d335fa2f1.04519556---00000076"}
[2025-07-15 08:11:36] [INFO] Chunk saved successfully - {"uuid":"68760d335fa2f1.04519556","index":77,"path":".\/temp\/68760d335fa2f1.04519556---00000077"}
[2025-07-15 08:11:36] [INFO] Chunk saved successfully - {"uuid":"68760d335fa2f1.04519556","index":78,"path":".\/temp\/68760d335fa2f1.04519556---00000078"}
[2025-07-15 08:11:36] [INFO] Chunk saved successfully - {"uuid":"68760d335fa2f1.04519556","index":79,"path":".\/temp\/68760d335fa2f1.04519556---00000079"}
[2025-07-15 08:11:36] [INFO] Chunk saved successfully - {"uuid":"68760d335fa2f1.04519556","index":80,"path":".\/temp\/68760d335fa2f1.04519556---00000080"}
[2025-07-15 08:11:36] [INFO] Starting file completion - {"uuid":"68760d335fa2f1.04519556","fileName":"[TAGRO] \u5909\u30bc\u30df \u7b2c02\u5dfb.pdf"}
[2025-07-15 08:11:36] [INFO] File completed successfully - {"uuid":"68760d335fa2f1.04519556","fileName":"[TAGRO] \u5909\u30bc\u30df \u7b2c02\u5dfb.pdf","path":".\/uploads\/[TAGRO] \u5909\u30bc\u30df \u7b2c02\u5dfb.pdf"}
[2025-07-15 08:11:43] [INFO] Generated UUID for new upload session - {"uuid":"68760d3f991cd2.53658496"}
[2025-07-15 08:11:43] [INFO] Chunk saved successfully - {"uuid":"68760d3f991cd2.53658496","index":3,"path":".\/temp\/68760d3f991cd2.53658496---00000003"}
[2025-07-15 08:11:43] [INFO] Chunk saved successfully - {"uuid":"68760d3f991cd2.53658496","index":0,"path":".\/temp\/68760d3f991cd2.53658496---00000000"}
[2025-07-15 08:11:43] [INFO] Chunk saved successfully - {"uuid":"68760d3f991cd2.53658496","index":2,"path":".\/temp\/68760d3f991cd2.53658496---00000002"}
[2025-07-15 08:11:43] [INFO] Chunk saved successfully - {"uuid":"68760d3f991cd2.53658496","index":1,"path":".\/temp\/68760d3f991cd2.53658496---00000001"}
[2025-07-15 08:11:43] [INFO] Chunk saved successfully - {"uuid":"68760d3f991cd2.53658496","index":4,"path":".\/temp\/68760d3f991cd2.53658496---00000004"}
[2025-07-15 08:11:43] [INFO] Chunk saved successfully - {"uuid":"68760d3f991cd2.53658496","index":5,"path":".\/temp\/68760d3f991cd2.53658496---00000005"}
[2025-07-15 08:11:44] [INFO] Chunk saved successfully - {"uuid":"68760d3f991cd2.53658496","index":6,"path":".\/temp\/68760d3f991cd2.53658496---00000006"}
[2025-07-15 08:11:44] [INFO] Chunk saved successfully - {"uuid":"68760d3f991cd2.53658496","index":7,"path":".\/temp\/68760d3f991cd2.53658496---00000007"}
[2025-07-15 08:11:44] [INFO] Chunk saved successfully - {"uuid":"68760d3f991cd2.53658496","index":8,"path":".\/temp\/68760d3f991cd2.53658496---00000008"}
[2025-07-15 08:11:44] [INFO] Chunk saved successfully - {"uuid":"68760d3f991cd2.53658496","index":9,"path":".\/temp\/68760d3f991cd2.53658496---00000009"}
[2025-07-15 08:11:44] [INFO] Chunk saved successfully - {"uuid":"68760d3f991cd2.53658496","index":10,"path":".\/temp\/68760d3f991cd2.53658496---00000010"}
[2025-07-15 08:11:44] [INFO] Chunk saved successfully - {"uuid":"68760d3f991cd2.53658496","index":11,"path":".\/temp\/68760d3f991cd2.53658496---00000011"}
[2025-07-15 08:11:44] [INFO] Chunk saved successfully - {"uuid":"68760d3f991cd2.53658496","index":12,"path":".\/temp\/68760d3f991cd2.53658496---00000012"}
[2025-07-15 08:11:44] [INFO] Chunk saved successfully - {"uuid":"68760d3f991cd2.53658496","index":13,"path":".\/temp\/68760d3f991cd2.53658496---00000013"}
[2025-07-15 08:11:44] [INFO] Chunk saved successfully - {"uuid":"68760d3f991cd2.53658496","index":14,"path":".\/temp\/68760d3f991cd2.53658496---00000014"}
[2025-07-15 08:11:44] [INFO] Chunk saved successfully - {"uuid":"68760d3f991cd2.53658496","index":15,"path":".\/temp\/68760d3f991cd2.53658496---00000015"}
[2025-07-15 08:11:44] [INFO] Chunk saved successfully - {"uuid":"68760d3f991cd2.53658496","index":16,"path":".\/temp\/68760d3f991cd2.53658496---00000016"}
[2025-07-15 08:11:44] [INFO] Chunk saved successfully - {"uuid":"68760d3f991cd2.53658496","index":17,"path":".\/temp\/68760d3f991cd2.53658496---00000017"}
[2025-07-15 08:11:44] [INFO] Chunk saved successfully - {"uuid":"68760d3f991cd2.53658496","index":18,"path":".\/temp\/68760d3f991cd2.53658496---00000018"}
[2025-07-15 08:11:44] [INFO] Chunk saved successfully - {"uuid":"68760d3f991cd2.53658496","index":19,"path":".\/temp\/68760d3f991cd2.53658496---00000019"}
[2025-07-15 08:11:44] [INFO] Chunk saved successfully - {"uuid":"68760d3f991cd2.53658496","index":20,"path":".\/temp\/68760d3f991cd2.53658496---00000020"}
[2025-07-15 08:11:44] [INFO] Chunk saved successfully - {"uuid":"68760d3f991cd2.53658496","index":22,"path":".\/temp\/68760d3f991cd2.53658496---00000022"}
[2025-07-15 08:11:44] [INFO] Chunk saved successfully - {"uuid":"68760d3f991cd2.53658496","index":23,"path":".\/temp\/68760d3f991cd2.53658496---00000023"}
[2025-07-15 08:11:44] [INFO] Chunk saved successfully - {"uuid":"68760d3f991cd2.53658496","index":21,"path":".\/temp\/68760d3f991cd2.53658496---00000021"}
[2025-07-15 08:11:45] [INFO] Chunk saved successfully - {"uuid":"68760d3f991cd2.53658496","index":24,"path":".\/temp\/68760d3f991cd2.53658496---00000024"}
[2025-07-15 08:11:45] [INFO] Chunk saved successfully - {"uuid":"68760d3f991cd2.53658496","index":26,"path":".\/temp\/68760d3f991cd2.53658496---00000026"}
[2025-07-15 08:11:45] [INFO] Chunk saved successfully - {"uuid":"68760d3f991cd2.53658496","index":27,"path":".\/temp\/68760d3f991cd2.53658496---00000027"}
[2025-07-15 08:11:45] [INFO] Chunk saved successfully - {"uuid":"68760d3f991cd2.53658496","index":28,"path":".\/temp\/68760d3f991cd2.53658496---00000028"}
[2025-07-15 08:11:45] [INFO] Chunk saved successfully - {"uuid":"68760d3f991cd2.53658496","index":25,"path":".\/temp\/68760d3f991cd2.53658496---00000025"}
[2025-07-15 08:11:45] [INFO] Chunk saved successfully - {"uuid":"68760d3f991cd2.53658496","index":29,"path":".\/temp\/68760d3f991cd2.53658496---00000029"}
[2025-07-15 08:11:45] [INFO] Chunk saved successfully - {"uuid":"68760d3f991cd2.53658496","index":30,"path":".\/temp\/68760d3f991cd2.53658496---00000030"}
[2025-07-15 08:11:45] [INFO] Chunk saved successfully - {"uuid":"68760d3f991cd2.53658496","index":31,"path":".\/temp\/68760d3f991cd2.53658496---00000031"}
[2025-07-15 08:11:45] [INFO] Chunk saved successfully - {"uuid":"68760d3f991cd2.53658496","index":32,"path":".\/temp\/68760d3f991cd2.53658496---00000032"}
[2025-07-15 08:11:45] [INFO] Chunk saved successfully - {"uuid":"68760d3f991cd2.53658496","index":33,"path":".\/temp\/68760d3f991cd2.53658496---00000033"}
[2025-07-15 08:11:45] [INFO] Chunk saved successfully - {"uuid":"68760d3f991cd2.53658496","index":34,"path":".\/temp\/68760d3f991cd2.53658496---00000034"}
[2025-07-15 08:11:45] [INFO] Chunk saved successfully - {"uuid":"68760d3f991cd2.53658496","index":35,"path":".\/temp\/68760d3f991cd2.53658496---00000035"}
[2025-07-15 08:11:45] [INFO] Chunk saved successfully - {"uuid":"68760d3f991cd2.53658496","index":36,"path":".\/temp\/68760d3f991cd2.53658496---00000036"}
[2025-07-15 08:11:45] [INFO] Chunk saved successfully - {"uuid":"68760d3f991cd2.53658496","index":37,"path":".\/temp\/68760d3f991cd2.53658496---00000037"}
[2025-07-15 08:11:45] [INFO] Chunk saved successfully - {"uuid":"68760d3f991cd2.53658496","index":38,"path":".\/temp\/68760d3f991cd2.53658496---00000038"}
[2025-07-15 08:11:45] [INFO] Chunk saved successfully - {"uuid":"68760d3f991cd2.53658496","index":39,"path":".\/temp\/68760d3f991cd2.53658496---00000039"}
[2025-07-15 08:11:45] [INFO] Chunk saved successfully - {"uuid":"68760d3f991cd2.53658496","index":40,"path":".\/temp\/68760d3f991cd2.53658496---00000040"}
[2025-07-15 08:11:45] [INFO] Chunk saved successfully - {"uuid":"68760d3f991cd2.53658496","index":41,"path":".\/temp\/68760d3f991cd2.53658496---00000041"}
[2025-07-15 08:11:46] [INFO] Chunk saved successfully - {"uuid":"68760d3f991cd2.53658496","index":43,"path":".\/temp\/68760d3f991cd2.53658496---00000043"}
[2025-07-15 08:11:46] [INFO] Chunk saved successfully - {"uuid":"68760d3f991cd2.53658496","index":44,"path":".\/temp\/68760d3f991cd2.53658496---00000044"}
[2025-07-15 08:11:46] [INFO] Chunk saved successfully - {"uuid":"68760d3f991cd2.53658496","index":45,"path":".\/temp\/68760d3f991cd2.53658496---00000045"}
[2025-07-15 08:11:46] [INFO] Chunk saved successfully - {"uuid":"68760d3f991cd2.53658496","index":42,"path":".\/temp\/68760d3f991cd2.53658496---00000042"}
[2025-07-15 08:11:46] [INFO] Chunk saved successfully - {"uuid":"68760d3f991cd2.53658496","index":46,"path":".\/temp\/68760d3f991cd2.53658496---00000046"}
[2025-07-15 08:11:46] [INFO] Chunk saved successfully - {"uuid":"68760d3f991cd2.53658496","index":47,"path":".\/temp\/68760d3f991cd2.53658496---00000047"}
[2025-07-15 08:11:46] [INFO] Chunk saved successfully - {"uuid":"68760d3f991cd2.53658496","index":49,"path":".\/temp\/68760d3f991cd2.53658496---00000049"}
[2025-07-15 08:11:46] [INFO] Chunk saved successfully - {"uuid":"68760d3f991cd2.53658496","index":50,"path":".\/temp\/68760d3f991cd2.53658496---00000050"}
[2025-07-15 08:11:46] [INFO] Chunk saved successfully - {"uuid":"68760d3f991cd2.53658496","index":51,"path":".\/temp\/68760d3f991cd2.53658496---00000051"}
[2025-07-15 08:11:46] [INFO] Chunk saved successfully - {"uuid":"68760d3f991cd2.53658496","index":48,"path":".\/temp\/68760d3f991cd2.53658496---00000048"}
[2025-07-15 08:11:46] [INFO] Chunk saved successfully - {"uuid":"68760d3f991cd2.53658496","index":52,"path":".\/temp\/68760d3f991cd2.53658496---00000052"}
[2025-07-15 08:11:46] [INFO] Chunk saved successfully - {"uuid":"68760d3f991cd2.53658496","index":53,"path":".\/temp\/68760d3f991cd2.53658496---00000053"}
[2025-07-15 08:11:46] [INFO] Chunk saved successfully - {"uuid":"68760d3f991cd2.53658496","index":54,"path":".\/temp\/68760d3f991cd2.53658496---00000054"}
[2025-07-15 08:11:46] [INFO] Chunk saved successfully - {"uuid":"68760d3f991cd2.53658496","index":55,"path":".\/temp\/68760d3f991cd2.53658496---00000055"}
[2025-07-15 08:11:46] [INFO] Chunk saved successfully - {"uuid":"68760d3f991cd2.53658496","index":56,"path":".\/temp\/68760d3f991cd2.53658496---00000056"}
[2025-07-15 08:11:46] [INFO] Chunk saved successfully - {"uuid":"68760d3f991cd2.53658496","index":57,"path":".\/temp\/68760d3f991cd2.53658496---00000057"}
[2025-07-15 08:11:46] [INFO] Chunk saved successfully - {"uuid":"68760d3f991cd2.53658496","index":58,"path":".\/temp\/68760d3f991cd2.53658496---00000058"}
[2025-07-15 08:11:46] [INFO] Chunk saved successfully - {"uuid":"68760d3f991cd2.53658496","index":59,"path":".\/temp\/68760d3f991cd2.53658496---00000059"}
[2025-07-15 08:11:47] [INFO] Chunk saved successfully - {"uuid":"68760d3f991cd2.53658496","index":60,"path":".\/temp\/68760d3f991cd2.53658496---00000060"}
[2025-07-15 08:11:47] [INFO] Chunk saved successfully - {"uuid":"68760d3f991cd2.53658496","index":61,"path":".\/temp\/68760d3f991cd2.53658496---00000061"}
[2025-07-15 08:11:47] [INFO] Chunk saved successfully - {"uuid":"68760d3f991cd2.53658496","index":63,"path":".\/temp\/68760d3f991cd2.53658496---00000063"}
[2025-07-15 08:11:47] [INFO] Chunk saved successfully - {"uuid":"68760d3f991cd2.53658496","index":65,"path":".\/temp\/68760d3f991cd2.53658496---00000065"}
[2025-07-15 08:11:47] [INFO] Chunk saved successfully - {"uuid":"68760d3f991cd2.53658496","index":62,"path":".\/temp\/68760d3f991cd2.53658496---00000062"}
[2025-07-15 08:11:47] [INFO] Chunk saved successfully - {"uuid":"68760d3f991cd2.53658496","index":64,"path":".\/temp\/68760d3f991cd2.53658496---00000064"}
[2025-07-15 08:11:47] [INFO] Chunk saved successfully - {"uuid":"68760d3f991cd2.53658496","index":66,"path":".\/temp\/68760d3f991cd2.53658496---00000066"}
[2025-07-15 08:11:47] [INFO] Chunk saved successfully - {"uuid":"68760d3f991cd2.53658496","index":67,"path":".\/temp\/68760d3f991cd2.53658496---00000067"}
[2025-07-15 08:11:47] [INFO] Chunk saved successfully - {"uuid":"68760d3f991cd2.53658496","index":68,"path":".\/temp\/68760d3f991cd2.53658496---00000068"}
[2025-07-15 08:11:47] [INFO] Chunk saved successfully - {"uuid":"68760d3f991cd2.53658496","index":69,"path":".\/temp\/68760d3f991cd2.53658496---00000069"}
[2025-07-15 08:11:47] [INFO] Chunk saved successfully - {"uuid":"68760d3f991cd2.53658496","index":70,"path":".\/temp\/68760d3f991cd2.53658496---00000070"}
[2025-07-15 08:11:47] [INFO] Chunk saved successfully - {"uuid":"68760d3f991cd2.53658496","index":71,"path":".\/temp\/68760d3f991cd2.53658496---00000071"}
[2025-07-15 08:11:47] [INFO] Chunk saved successfully - {"uuid":"68760d3f991cd2.53658496","index":73,"path":".\/temp\/68760d3f991cd2.53658496---00000073"}
[2025-07-15 08:11:47] [INFO] Chunk saved successfully - {"uuid":"68760d3f991cd2.53658496","index":74,"path":".\/temp\/68760d3f991cd2.53658496---00000074"}
[2025-07-15 08:11:47] [INFO] Chunk saved successfully - {"uuid":"68760d3f991cd2.53658496","index":72,"path":".\/temp\/68760d3f991cd2.53658496---00000072"}
[2025-07-15 08:11:47] [INFO] Chunk saved successfully - {"uuid":"68760d3f991cd2.53658496","index":75,"path":".\/temp\/68760d3f991cd2.53658496---00000075"}
[2025-07-15 08:11:47] [INFO] Chunk saved successfully - {"uuid":"68760d3f991cd2.53658496","index":76,"path":".\/temp\/68760d3f991cd2.53658496---00000076"}
[2025-07-15 08:11:47] [INFO] Chunk saved successfully - {"uuid":"68760d3f991cd2.53658496","index":77,"path":".\/temp\/68760d3f991cd2.53658496---00000077"}
[2025-07-15 08:11:48] [INFO] Chunk saved successfully - {"uuid":"68760d3f991cd2.53658496","index":78,"path":".\/temp\/68760d3f991cd2.53658496---00000078"}
[2025-07-15 08:11:48] [INFO] Chunk saved successfully - {"uuid":"68760d3f991cd2.53658496","index":79,"path":".\/temp\/68760d3f991cd2.53658496---00000079"}
[2025-07-15 08:11:48] [INFO] Chunk saved successfully - {"uuid":"68760d3f991cd2.53658496","index":80,"path":".\/temp\/68760d3f991cd2.53658496---00000080"}
[2025-07-15 08:11:48] [INFO] Chunk saved successfully - {"uuid":"68760d3f991cd2.53658496","index":81,"path":".\/temp\/68760d3f991cd2.53658496---00000081"}
[2025-07-15 08:11:48] [INFO] Chunk saved successfully - {"uuid":"68760d3f991cd2.53658496","index":82,"path":".\/temp\/68760d3f991cd2.53658496---00000082"}
[2025-07-15 08:11:48] [INFO] Starting file completion - {"uuid":"68760d3f991cd2.53658496","fileName":"[TAGRO] \u5909\u30bc\u30df \u7b2c01\u5dfb.pdf"}
[2025-07-15 08:11:48] [INFO] File completed successfully - {"uuid":"68760d3f991cd2.53658496","fileName":"[TAGRO] \u5909\u30bc\u30df \u7b2c01\u5dfb.pdf","path":".\/uploads\/[TAGRO] \u5909\u30bc\u30df \u7b2c01\u5dfb.pdf"}
